<?xml version="1.0" encoding="UTF-8"?>
<testsuite xmlns:xsi="http://www.w3.org/2001/XMLSchema-instance" xsi:noNamespaceSchemaLocation="https://maven.apache.org/surefire/maven-surefire-plugin/xsd/surefire-test-report.xsd" name="tests.ROTest" time="1.147" tests="12" errors="0" skipped="0" failures="0">
  <properties>
[...]
</properties>
  <testcase name="testProjectionPipelining" classname="tests.ROTest" time="0.051"/>
  <testcase name="testKeyScan" classname="tests.ROTest" time="0.001"/>
  <testcase name="testSelection" classname="tests.ROTest" time="0.003"/>
  <testcase name="testIndexScan" classname="tests.ROTest" time="0.005"/>
  <testcase name="testFileScan" classname="tests.ROTest" time="0.004"/>
  <testcase name="testSelectionPipelining" classname="tests.ROTest" time="0.006"/>
  <testcase name="testHashJoinOnEqualTables" classname="tests.ROTest" time="0.834"/>
  <testcase name="testSelectionMultiplePredicates" classname="tests.ROTest" time="0.002"/>
  <testcase name="testHashjoinPipelining" classname="tests.ROTest" time="0.005"/>
  <testcase name="testHashJoinOnBigTables" classname="tests.ROTest" time="0.005"/>
  <testcase name="testHashJoin" classname="tests.ROTest" time="0.004"/>
  <testcase name="testProjection" classname="tests.ROTest" time="0.001"/>
</testsuite>